<?xml version="1.0" encoding="UTF-8"?>
<testsuites name="TestSuiteCollection1" time="25.624" tests="2" failures="0" errors="0">
   <testsuite name="Test Suite 3 salvia" tests="2" failures="0" errors="0" time="21.716" skipped="0" timestamp="2021-10-07 11:53:31" hostname="miskagaziova - miskagaziova" id="Test Suites/Test Suite 3 salvia">
      <properties>
         <property name="deviceName" value=""/>
         <property name="devicePlatform" value=""/>
         <property name="logFolder" value="/home/miskagaziova/git/Florist_TestKatalon/Reports/20211007_115324/Test Suite 3 salvia/20211007_115325"/>
         <property name="logFiles" value="/home/miskagaziova/git/Florist_TestKatalon/Reports/20211007_115324/Test Suite 3 salvia/20211007_115325/execution0.log"/>
         <property name="attachments" value=""/>
         <property name="hostName" value="miskagaziova - miskagaziova"/>
         <property name="os" value="Linux 64bit"/>
         <property name="katalonVersion" value="8.1.0.208"/>
         <property name="browser" value="Chrome 93.0.4577.82"/>
         <property name="hostAddress" value="192.168.0.103"/>
         <property name="sessionId" value="675b9b598e9502714b6e985308d68ed4"/>
         <property name="seleniumVersion" value="3.141.59"/>
         <property name="proxyInformation" value="ProxyInformation { proxyOption=NO_PROXY, proxyServerType=HTTP, username=, password=********, proxyServerAddress=, proxyServerPort=0, executionList=&quot;&quot;, isApplyToDesiredCapabilities=true }"/>
         <property name="platform" value="Linux"/>
      </properties>
      <testcase name="Test Cases/search_for_oasis2" time="15.891" classname="Test Cases/search_for_oasis2" status="PASSED">
         <system-out><![CDATA[2021-10-07 11:53:32 - [TEST_CASE][PASSED] - Test Cases/search_for_oasis2: Test Cases/search_for_oasis2

2021-10-07 11:53:32 - [TEST_STEP][PASSED] - openBrowser(""): Browser is opened with url: ''

2021-10-07 11:53:32 - [MESSAGE][INFO] - Starting 'Chrome' driver

2021-10-07 11:53:33 - [MESSAGE][INFO] - Action delay is set to 0 milliseconds

2021-10-07 11:53:35 - [MESSAGE][PASSED] - Browser is opened with url: ''

2021-10-07 11:53:35 - [TEST_STEP][PASSED] - navigateToUrl("https://www.google.com/"): Navigate to 'https://www.google.com/' successfully

2021-10-07 11:53:35 - [MESSAGE][PASSED] - Navigate to 'https://www.google.com/' successfully

2021-10-07 11:53:35 - [TEST_STEP][PASSED] - click(findTestObject("Object Repository/Page_Google/div_skSloveninaAfrikaansazrbaycanbosanskica_5fa998")): Object: 'Object Repository/Page_Google/div_skSloveninaAfrikaansazrbaycanbosanskica_5fa998' is clicked on

2021-10-07 11:53:36 - [MESSAGE][PASSED] - Object: 'Object Repository/Page_Google/div_skSloveninaAfrikaansazrbaycanbosanskica_5fa998' is clicked on

2021-10-07 11:53:36 - [TEST_STEP][PASSED] - click(findTestObject("Object Repository/Page_Google/div_Shlasm")): Object: 'Object Repository/Page_Google/div_Shlasm' is clicked on

2021-10-07 11:53:36 - [MESSAGE][PASSED] - Object: 'Object Repository/Page_Google/div_Shlasm' is clicked on

2021-10-07 11:53:36 - [TEST_STEP][PASSED] - setText(findTestObject("Object Repository/Page_Google/input__q"), "oasis topolcany"): Text 'oasis topolcany' is set on object 'Object Repository/Page_Google/input__q'

2021-10-07 11:53:39 - [MESSAGE][PASSED] - Text 'oasis topolcany' is set on object 'Object Repository/Page_Google/input__q'

2021-10-07 11:53:39 - [TEST_STEP][PASSED] - sendKeys(findTestObject("Object Repository/Page_Google/input__q"), Keys.chord(ENTER)): Keys 'ENTER + ' sent to object: 'Object Repository/Page_Google/input__q'

2021-10-07 11:53:41 - [MESSAGE][PASSED] - Keys 'ENTER + ' sent to object: 'Object Repository/Page_Google/input__q'

2021-10-07 11:53:41 - [TEST_STEP][PASSED] - click(findTestObject("Object Repository/Page_oasis topolcany - Hada Googlom/h3_OASIS gardencentrum Topoany")): Object: 'Object Repository/Page_oasis topolcany - Hada Googlom/h3_OASIS gardencentrum Topoany' is clicked on

2021-10-07 11:53:45 - [MESSAGE][PASSED] - Object: 'Object Repository/Page_oasis topolcany - Hada Googlom/h3_OASIS gardencentrum Topoany' is clicked on

2021-10-07 11:53:45 - [TEST_STEP][PASSED] - click(findTestObject("Object Repository/Page_OASIS gardencentrum Topoany/span_Rastliny")): Object: 'Object Repository/Page_OASIS gardencentrum Topoany/span_Rastliny' is clicked on

2021-10-07 11:53:48 - [MESSAGE][PASSED] - Object: 'Object Repository/Page_OASIS gardencentrum Topoany/span_Rastliny' is clicked on]]></system-out>
         <system-err><![CDATA[]]></system-err>
      </testcase>
      <testcase name="Test Cases/search_salvia" time="5.023" classname="Test Cases/search_salvia" status="PASSED">
         <system-out><![CDATA[2021-10-07 11:53:48 - [TEST_CASE][PASSED] - Test Cases/search_salvia: Test Cases/search_salvia

2021-10-07 11:53:48 - [TEST_STEP][PASSED] - click(findTestObject("Object Repository/Page_Rastliny do zhrady - Oasis Topoany/input_Novinky_q")): Object: 'Object Repository/Page_Rastliny do zhrady - Oasis Topoany/input_Novinky_q' is clicked on

2021-10-07 11:53:48 - [MESSAGE][PASSED] - Object: 'Object Repository/Page_Rastliny do zhrady - Oasis Topoany/input_Novinky_q' is clicked on

2021-10-07 11:53:48 - [TEST_STEP][PASSED] - setText(findTestObject("Object Repository/Page_Rastliny do zhrady - Oasis Topoany/input_Novinky_q_1"), "salvia"): Text 'salvia' is set on object 'Object Repository/Page_Rastliny do zhrady - Oasis Topoany/input_Novinky_q_1'

2021-10-07 11:53:49 - [MESSAGE][PASSED] - Text 'salvia' is set on object 'Object Repository/Page_Rastliny do zhrady - Oasis Topoany/input_Novinky_q_1'

2021-10-07 11:53:49 - [TEST_STEP][PASSED] - sendKeys(findTestObject("Object Repository/Page_Rastliny do zhrady - Oasis Topoany/input_Novinky_q_1"), Keys.chord(ENTER)): Keys 'ENTER + ' sent to object: 'Object Repository/Page_Rastliny do zhrady - Oasis Topoany/input_Novinky_q_1'

2021-10-07 11:53:51 - [MESSAGE][PASSED] - Keys 'ENTER + ' sent to object: 'Object Repository/Page_Rastliny do zhrady - Oasis Topoany/input_Novinky_q_1'

2021-10-07 11:53:51 - [TEST_STEP][PASSED] - click(findTestObject("Object Repository/Page_OASIS Topoany - Vyhadvanie - salvia/span_Vsledky vyhadvania_decoration-backgrou_515444")): Object: 'Object Repository/Page_OASIS Topoany - Vyhadvanie - salvia/span_Vsledky vyhadvania_decoration-backgrou_515444' is clicked on

2021-10-07 11:53:52 - [MESSAGE][PASSED] - Object: 'Object Repository/Page_OASIS Topoany - Vyhadvanie - salvia/span_Vsledky vyhadvania_decoration-backgrou_515444' is clicked on

2021-10-07 11:53:52 - [TEST_STEP][PASSED] - closeBrowser(): Browser is closed

2021-10-07 11:53:53 - [MESSAGE][PASSED] - Browser is closed]]></system-out>
         <system-err><![CDATA[]]></system-err>
      </testcase>
      <system-out><![CDATA[2021-10-07 11:53:31 - [TEST_SUITE][PASSED] - Test Suite 3 salvia: Test Cases/search_salvia]]></system-out>
      <system-err><![CDATA[]]></system-err>
   </testsuite>
</testsuites>
