<?xml version="1.0" encoding="UTF-8"?>
<testsuites name="Test Suite 3 salvia" time="21.077" tests="2" failures="0" errors="0">
   <testsuite name="Test Suite 3 salvia" tests="2" failures="0" errors="0" time="21.077" skipped="0" timestamp="2021-10-07 11:43:19" hostname="miskagaziova - miskagaziova" id="Test Suites/Test Suite 3 salvia">
      <properties>
         <property name="deviceName" value=""/>
         <property name="devicePlatform" value=""/>
         <property name="logFolder" value="/home/miskagaziova/git/Florist_TestKatalon/Reports/20211007_114316/Test Suite 3 salvia/20211007_114316"/>
         <property name="logFiles" value="/home/miskagaziova/git/Florist_TestKatalon/Reports/20211007_114316/Test Suite 3 salvia/20211007_114316/execution0.log"/>
         <property name="attachments" value=""/>
         <property name="hostName" value="miskagaziova - miskagaziova"/>
         <property name="os" value="Linux 64bit"/>
         <property name="katalonVersion" value="8.1.0.208"/>
         <property name="browser" value="Chrome 93.0.4577.82"/>
         <property name="hostAddress" value="192.168.0.103"/>
         <property name="sessionId" value="5f0289054dd0e4ba9e417c53b3f73010"/>
         <property name="seleniumVersion" value="3.141.59"/>
         <property name="proxyInformation" value="ProxyInformation { proxyOption=NO_PROXY, proxyServerType=HTTP, username=, password=********, proxyServerAddress=, proxyServerPort=0, executionList=&quot;&quot;, isApplyToDesiredCapabilities=true }"/>
         <property name="platform" value="Linux"/>
      </properties>
      <testcase name="Test Cases/search_for_oasis2" time="15.539" classname="Test Cases/search_for_oasis2" status="PASSED">
         <system-out><![CDATA[2021-10-07 11:43:19 - [TEST_CASE][PASSED] - Test Cases/search_for_oasis2: Test Cases/search_for_oasis2

2021-10-07 11:43:20 - [TEST_STEP][PASSED] - openBrowser(""): Browser is opened with url: ''

2021-10-07 11:43:20 - [MESSAGE][INFO] - Starting 'Chrome' driver

2021-10-07 11:43:20 - [MESSAGE][INFO] - Action delay is set to 0 milliseconds

2021-10-07 11:43:22 - [MESSAGE][PASSED] - Browser is opened with url: ''

2021-10-07 11:43:22 - [TEST_STEP][PASSED] - navigateToUrl("https://www.google.com/"): Navigate to 'https://www.google.com/' successfully

2021-10-07 11:43:23 - [MESSAGE][PASSED] - Navigate to 'https://www.google.com/' successfully

2021-10-07 11:43:23 - [TEST_STEP][PASSED] - click(findTestObject("Object Repository/Page_Google/div_skSloveninaAfrikaansazrbaycanbosanskica_5fa998")): Object: 'Object Repository/Page_Google/div_skSloveninaAfrikaansazrbaycanbosanskica_5fa998' is clicked on

2021-10-07 11:43:23 - [MESSAGE][PASSED] - Object: 'Object Repository/Page_Google/div_skSloveninaAfrikaansazrbaycanbosanskica_5fa998' is clicked on

2021-10-07 11:43:23 - [TEST_STEP][PASSED] - click(findTestObject("Object Repository/Page_Google/div_Shlasm")): Object: 'Object Repository/Page_Google/div_Shlasm' is clicked on

2021-10-07 11:43:24 - [MESSAGE][PASSED] - Object: 'Object Repository/Page_Google/div_Shlasm' is clicked on

2021-10-07 11:43:24 - [TEST_STEP][PASSED] - setText(findTestObject("Object Repository/Page_Google/input__q"), "oasis topolcany"): Text 'oasis topolcany' is set on object 'Object Repository/Page_Google/input__q'

2021-10-07 11:43:26 - [MESSAGE][PASSED] - Text 'oasis topolcany' is set on object 'Object Repository/Page_Google/input__q'

2021-10-07 11:43:26 - [TEST_STEP][PASSED] - sendKeys(findTestObject("Object Repository/Page_Google/input__q"), Keys.chord(ENTER)): Keys 'ENTER + ' sent to object: 'Object Repository/Page_Google/input__q'

2021-10-07 11:43:28 - [MESSAGE][PASSED] - Keys 'ENTER + ' sent to object: 'Object Repository/Page_Google/input__q'

2021-10-07 11:43:28 - [TEST_STEP][PASSED] - click(findTestObject("Object Repository/Page_oasis topolcany - Hada Googlom/h3_OASIS gardencentrum Topoany")): Object: 'Object Repository/Page_oasis topolcany - Hada Googlom/h3_OASIS gardencentrum Topoany' is clicked on

2021-10-07 11:43:33 - [MESSAGE][PASSED] - Object: 'Object Repository/Page_oasis topolcany - Hada Googlom/h3_OASIS gardencentrum Topoany' is clicked on

2021-10-07 11:43:33 - [TEST_STEP][PASSED] - click(findTestObject("Object Repository/Page_OASIS gardencentrum Topoany/span_Rastliny")): Object: 'Object Repository/Page_OASIS gardencentrum Topoany/span_Rastliny' is clicked on

2021-10-07 11:43:35 - [MESSAGE][PASSED] - Object: 'Object Repository/Page_OASIS gardencentrum Topoany/span_Rastliny' is clicked on]]></system-out>
         <system-err><![CDATA[]]></system-err>
      </testcase>
      <testcase name="Test Cases/search_salvia" time="4.8" classname="Test Cases/search_salvia" status="PASSED">
         <system-out><![CDATA[2021-10-07 11:43:35 - [TEST_CASE][PASSED] - Test Cases/search_salvia: Test Cases/search_salvia

2021-10-07 11:43:35 - [TEST_STEP][PASSED] - click(findTestObject("Object Repository/Page_Rastliny do zhrady - Oasis Topoany/input_Novinky_q")): Object: 'Object Repository/Page_Rastliny do zhrady - Oasis Topoany/input_Novinky_q' is clicked on

2021-10-07 11:43:36 - [MESSAGE][PASSED] - Object: 'Object Repository/Page_Rastliny do zhrady - Oasis Topoany/input_Novinky_q' is clicked on

2021-10-07 11:43:36 - [TEST_STEP][PASSED] - setText(findTestObject("Object Repository/Page_Rastliny do zhrady - Oasis Topoany/input_Novinky_q_1"), "salvia"): Text 'salvia' is set on object 'Object Repository/Page_Rastliny do zhrady - Oasis Topoany/input_Novinky_q_1'

2021-10-07 11:43:36 - [MESSAGE][PASSED] - Text 'salvia' is set on object 'Object Repository/Page_Rastliny do zhrady - Oasis Topoany/input_Novinky_q_1'

2021-10-07 11:43:36 - [TEST_STEP][PASSED] - sendKeys(findTestObject("Object Repository/Page_Rastliny do zhrady - Oasis Topoany/input_Novinky_q_1"), Keys.chord(ENTER)): Keys 'ENTER + ' sent to object: 'Object Repository/Page_Rastliny do zhrady - Oasis Topoany/input_Novinky_q_1'

2021-10-07 11:43:38 - [MESSAGE][PASSED] - Keys 'ENTER + ' sent to object: 'Object Repository/Page_Rastliny do zhrady - Oasis Topoany/input_Novinky_q_1'

2021-10-07 11:43:38 - [TEST_STEP][PASSED] - click(findTestObject("Object Repository/Page_OASIS Topoany - Vyhadvanie - salvia/span_Vsledky vyhadvania_decoration-backgrou_515444")): Object: 'Object Repository/Page_OASIS Topoany - Vyhadvanie - salvia/span_Vsledky vyhadvania_decoration-backgrou_515444' is clicked on

2021-10-07 11:43:40 - [MESSAGE][PASSED] - Object: 'Object Repository/Page_OASIS Topoany - Vyhadvanie - salvia/span_Vsledky vyhadvania_decoration-backgrou_515444' is clicked on

2021-10-07 11:43:40 - [TEST_STEP][PASSED] - closeBrowser(): Browser is closed

2021-10-07 11:43:40 - [MESSAGE][PASSED] - Browser is closed]]></system-out>
         <system-err><![CDATA[]]></system-err>
      </testcase>
      <system-out><![CDATA[2021-10-07 11:43:19 - [TEST_SUITE][PASSED] - Test Suite 3 salvia: Test Cases/search_salvia]]></system-out>
      <system-err><![CDATA[]]></system-err>
   </testsuite>
</testsuites>
